<?xml version="1.0" encoding="UTF-8"?>
<!-- Generated by org.testng.reporters.JUnitReportReporter -->
<testsuite hostname="DESKTOP-3JB8JSN" failures="0" tests="1" name="SumeetGaikwad.Tests.ErrorValidations" time="3.505" errors="0" timestamp="2024-07-24T19:20:34 IST" skipped="0">
  <testcase classname="SumeetGaikwad.Tests.ErrorValidations" name="submitOrder" time="3.505"/>
  <system-out/>
</testsuite> <!-- SumeetGaikwad.Tests.ErrorValidations -->
