<?xml version="1.0" encoding="UTF-8"?>
<!-- Generated by org.testng.reporters.JUnitReportReporter -->
<testsuite hostname="DESKTOP-3JB8JSN" failures="0" tests="2" name="SumeetGaikwad.Tests.SubmitOrderTest" time="39.916" errors="0" timestamp="2024-07-24T19:20:34 IST" skipped="0">
  <testcase classname="SumeetGaikwad.Tests.SubmitOrderTest" name="submitOrder" time="17.395"/>
  <system-out/>
  <testcase classname="SumeetGaikwad.Tests.SubmitOrderTest" name="submitOrder" time="22.521"/>
  <system-out/>
</testsuite> <!-- SumeetGaikwad.Tests.SubmitOrderTest -->
