<?xml version="1.0" encoding="UTF-8"?>
<!-- Generated by org.testng.reporters.JUnitReportReporter -->
<testsuite hostname="DESKTOP-3JB8JSN" failures="0" tests="2" name="SumeetGaikwad.Tests.SubmitOrderTest" time="50.837" errors="0" timestamp="2024-07-17T21:17:15 IST" skipped="0">
  <testcase classname="SumeetGaikwad.Tests.SubmitOrderTest" name="submitOrder" time="27.015"/>
  <system-out/>
  <testcase classname="SumeetGaikwad.Tests.SubmitOrderTest" name="submitOrder" time="23.822"/>
  <system-out/>
</testsuite> <!-- SumeetGaikwad.Tests.SubmitOrderTest -->
